Traceback (most recent call last):
  File "/home/rjanusia/.local/lib/python3.9/site-packages/jupyter_cache/executors/utils.py", line 58, in single_nb_execution
    executenb(
  File "/home/rjanusia/.local/lib/python3.9/site-packages/nbclient/client.py", line 1314, in execute
    return NotebookClient(nb=nb, resources=resources, km=km, **kwargs).execute()
  File "/home/rjanusia/.local/lib/python3.9/site-packages/jupyter_core/utils/__init__.py", line 165, in wrapped
    return loop.run_until_complete(inner)
  File "/usr/lib64/python3.9/asyncio/base_events.py", line 647, in run_until_complete
    return future.result()
  File "/home/rjanusia/.local/lib/python3.9/site-packages/nbclient/client.py", line 709, in async_execute
    await self.async_execute_cell(
  File "/home/rjanusia/.local/lib/python3.9/site-packages/nbclient/client.py", line 1062, in async_execute_cell
    await self._check_raise_for_error(cell, cell_index, exec_reply)
  File "/home/rjanusia/.local/lib/python3.9/site-packages/nbclient/client.py", line 918, in _check_raise_for_error
    raise CellExecutionError.from_cell_and_msg(cell, exec_reply_content)
nbclient.exceptions.CellExecutionError: An error occurred while executing the following cell:
------------------
ele_working_points = ['LooseLHElectron', 'MediumLHElectron','TightLHElectron']
electrons_async = [
    (calib_tools.query_update(ds, electron_working_point=wp)
        .SelectMany(lambda e: [ele.eta() for ele in e.Electrons()])
        .AsAwkwardArray('eta')
        .value_async())
    for wp in ele_working_points
]
electrons_wp = await asyncio.gather(*electrons_async)
------------------


[0;31m---------------------------------------------------------------------------[0m
[0;31mNameError[0m                                 Traceback (most recent call last)
Cell [0;32mIn[4], line 2[0m
[1;32m      1[0m ele_working_points [38;5;241m=[39m [[38;5;124m'[39m[38;5;124mLooseLHElectron[39m[38;5;124m'[39m, [38;5;124m'[39m[38;5;124mMediumLHElectron[39m[38;5;124m'[39m,[38;5;124m'[39m[38;5;124mTightLHElectron[39m[38;5;124m'[39m]
[0;32m----> 2[0m electrons_async [38;5;241m=[39m [
[1;32m      3[0m     (calib_tools[38;5;241m.[39mquery_update(ds, electron_working_point[38;5;241m=[39mwp)
[1;32m      4[0m         [38;5;241m.[39mSelectMany([38;5;28;01mlambda[39;00m e: [ele[38;5;241m.[39meta() [38;5;28;01mfor[39;00m ele [38;5;129;01min[39;00m e[38;5;241m.[39mElectrons()])
[1;32m      5[0m         [38;5;241m.[39mAsAwkwardArray([38;5;124m'[39m[38;5;124meta[39m[38;5;124m'[39m)
[1;32m      6[0m         [38;5;241m.[39mvalue_async())
[1;32m      7[0m     [38;5;28;01mfor[39;00m wp [38;5;129;01min[39;00m ele_working_points
[1;32m      8[0m ]
[1;32m      9[0m electrons_wp [38;5;241m=[39m [38;5;28;01mawait[39;00m asyncio[38;5;241m.[39mgather([38;5;241m*[39melectrons_async)

Cell [0;32mIn[4], line 3[0m, in [0;36m<listcomp>[0;34m(.0)[0m
[1;32m      1[0m ele_working_points [38;5;241m=[39m [[38;5;124m'[39m[38;5;124mLooseLHElectron[39m[38;5;124m'[39m, [38;5;124m'[39m[38;5;124mMediumLHElectron[39m[38;5;124m'[39m,[38;5;124m'[39m[38;5;124mTightLHElectron[39m[38;5;124m'[39m]
[1;32m      2[0m electrons_async [38;5;241m=[39m [
[0;32m----> 3[0m     (calib_tools[38;5;241m.[39mquery_update(ds, electron_working_point[38;5;241m=[39mwp)
[1;32m      4[0m         [38;5;241m.[39mSelectMany([38;5;28;01mlambda[39;00m e: [ele[38;5;241m.[39meta() [38;5;28;01mfor[39;00m ele [38;5;129;01min[39;00m e[38;5;241m.[39mElectrons()])
[1;32m      5[0m         [38;5;241m.[39mAsAwkwardArray([38;5;124m'[39m[38;5;124meta[39m[38;5;124m'[39m)
[1;32m      6[0m         [38;5;241m.[39mvalue_async())
[1;32m      7[0m     [38;5;28;01mfor[39;00m wp [38;5;129;01min[39;00m ele_working_points
[1;32m      8[0m ]
[1;32m      9[0m electrons_wp [38;5;241m=[39m [38;5;28;01mawait[39;00m asyncio[38;5;241m.[39mgather([38;5;241m*[39melectrons_async)

[0;31mNameError[0m: name 'calib_tools' is not defined

